<?xml version="1.0" encoding="UTF-8"?>
<!-- Generated by org.testng.reporters.JUnitReportReporter -->
<testsuite skipped="0" hostname="DESKTOP-GL8U0VR" name="model.BankAPITest" tests="2" failures="0" timestamp="05 九月 2018 13:33:12 GMT" time="10.604" errors="0">
  <testcase name="validBankDetailTest" time="10.603" classname="model.BankAPITest"/>
  <testcase name="invalidBankDetailsTest" time="0.001" classname="model.BankAPITest"/>
</testsuite> <!-- model.BankAPITest -->
